\BOOKMARK [0][-]{chapter.1}{\376\377\000M\000o\000d\000e\000l\000o\000\040\000E\000n\000t\000i\000d\000a\000d\000e\000\040\000R\000e\000l\000a\000c\000i\000o\000n\000a\000m\000e\000n\000t\000o}{}% 1
\BOOKMARK [1][-]{section.1.1}{\376\377\000C\000o\000n\000c\000e\000i\000t\000o\000\040\000d\000e\000\040\000A\000t\000r\000i\000b\000u\000t\000o\000s}{chapter.1}% 2
\BOOKMARK [1][-]{section.1.2}{\376\377\000C\000h\000a\000v\000e\000\040\000P\000r\000i\000m\000\341\000r\000i\000a}{chapter.1}% 3
\BOOKMARK [1][-]{section.1.3}{\376\377\000C\000o\000n\000c\000e\000i\000t\000o\000\040\000d\000e\000\040\000R\000e\000l\000a\000c\000i\000o\000n\000a\000m\000e\000n\000t\000o\000s}{chapter.1}% 4
\BOOKMARK [1][-]{section.1.4}{\376\377\000E\000x\000e\000m\000p\000l\000o\000\040\000d\000e\000\040\000d\000i\000a\000g\000r\000a\000m\000a\000\040\000E\000R}{chapter.1}% 5
\BOOKMARK [1][-]{section.1.5}{\376\377\000A\000t\000i\000v\000i\000d\000a\000d\000e\000\040\000p\000r\000\341\000t\000i\000c\000a\000\040\000d\000e\000\040\000M\000E\000R}{chapter.1}% 6
\BOOKMARK [2][-]{subsection.1.5.1}{\376\377\000O\000b\000j\000e\000t\000i\000v\000o}{section.1.5}% 7
\BOOKMARK [2][-]{subsection.1.5.2}{\376\377\000C\000o\000n\000t\000e\000x\000t\000o\000\040\000d\000o\000\040\000S\000i\000s\000t\000e\000m\000a}{section.1.5}% 8
\BOOKMARK [2][-]{subsection.1.5.3}{\376\377\000D\000e\000s\000c\000r\000i\000\347\000\343\000o\000\040\000d\000o\000s\000\040\000R\000e\000q\000u\000i\000s\000i\000t\000o\000s}{section.1.5}% 9
\BOOKMARK [2][-]{subsection.1.5.4}{\376\377\000R\000e\000g\000r\000a\000s\000\040\000d\000e\000\040\000N\000e\000g\000\363\000c\000i\000o\000\040\000e\000\040\000R\000e\000l\000a\000c\000i\000o\000n\000a\000m\000e\000n\000t\000o\000s}{section.1.5}% 10
\BOOKMARK [2][-]{subsection.1.5.5}{\376\377\000A\000t\000i\000v\000i\000d\000a\000d\000e\000s\000\040\000P\000r\000o\000p\000o\000s\000t\000a\000s}{section.1.5}% 11
\BOOKMARK [2][-]{subsection.1.5.6}{\376\377\000C\000r\000i\000t\000\351\000r\000i\000o\000s\000\040\000d\000e\000\040\000A\000v\000a\000l\000i\000a\000\347\000\343\000o}{section.1.5}% 12
\BOOKMARK [0][-]{chapter.2}{\376\377\000I\000n\000t\000r\000o\000d\000u\000\347\000\343\000o\000\040\000a\000o\000\040\000S\000Q\000L\000\040\000e\000\040\000a\000o\000\040\000p\000g\000A\000d\000m\000i\000n\000\040\0004}{}% 13
\BOOKMARK [1][-]{section.2.1}{\376\377\000p\000g\000A\000d\000m\000i\000n\000\040\0004}{chapter.2}% 14
\BOOKMARK [1][-]{section.2.2}{\376\377\000I\000n\000i\000c\000i\000a\000n\000d\000o\000\040\000o\000\040\000P\000o\000s\000t\000g\000r\000e\000S\000Q\000L\000\040\000n\000o\000\040\000W\000i\000n\000d\000o\000w\000s}{chapter.2}% 15
\BOOKMARK [1][-]{section.2.3}{\376\377\000M\000\351\000t\000o\000d\000o\000\040\0001\000:\000\040\000G\000e\000r\000e\000n\000c\000i\000a\000d\000o\000r\000\040\000d\000e\000\040\000S\000e\000r\000v\000i\000\347\000o\000s\000\040\000\050\000I\000n\000t\000e\000r\000f\000a\000c\000e\000\040\000G\000r\000\341\000f\000i\000c\000a\000\051}{chapter.2}% 16
\BOOKMARK [1][-]{section.2.4}{\376\377\000M\000\351\000t\000o\000d\000o\000\040\0002\000:\000\040\000L\000i\000n\000h\000a\000\040\000d\000e\000\040\000C\000o\000m\000a\000n\000d\000o\000\040\000\050\000P\000r\000o\000m\000p\000t\000/\000P\000o\000w\000e\000r\000S\000h\000e\000l\000l\000\051}{chapter.2}% 17
\BOOKMARK [2][-]{subsection.2.4.1}{\376\377\000I\000n\000i\000c\000i\000a\000r\000\040\000o\000\040\000S\000e\000r\000v\000i\000\347\000o}{section.2.4}% 18
\BOOKMARK [2][-]{subsection.2.4.2}{\376\377\000P\000a\000r\000a\000r\000\040\000o\000\040\000S\000e\000r\000v\000i\000\347\000o}{section.2.4}% 19
\BOOKMARK [1][-]{section.2.5}{\376\377\000V\000e\000r\000i\000f\000i\000c\000a\000\347\000\343\000o\000\040\000d\000e\000\040\000V\000a\000r\000i\000\341\000v\000e\000i\000s\000\040\000d\000e\000\040\000A\000m\000b\000i\000e\000n\000t\000e}{chapter.2}% 20
\BOOKMARK [1][-]{section.2.6}{\376\377\000T\000e\000s\000t\000e\000\040\000d\000e\000\040\000C\000o\000n\000e\000x\000\343\000o}{chapter.2}% 21
\BOOKMARK [1][-]{section.2.7}{\376\377\000A\000\040\000P\000o\000r\000t\000a\000\040\000P\000a\000d\000r\000\343\000o\000\040\000\050\0005\0004\0003\0002\000\051}{chapter.2}% 22
\BOOKMARK [1][-]{section.2.8}{\376\377\000C\000r\000e\000d\000e\000n\000c\000i\000a\000i\000s\000\040\000d\000e\000\040\000A\000c\000e\000s\000s\000o}{chapter.2}% 23
\BOOKMARK [1][-]{section.2.9}{\376\377\000C\000o\000m\000a\000n\000d\000o\000\040\000p\000a\000r\000a\000\040\000C\000r\000i\000a\000\347\000\343\000o\000\040\000d\000o\000\040\000U\000s\000u\000\341\000r\000i\000o}{chapter.2}% 24
\BOOKMARK [1][-]{section.2.10}{\376\377\000S\000t\000r\000i\000n\000g\000\040\000d\000e\000\040\000C\000o\000n\000e\000x\000\343\000o\000\040\000\050\000U\000R\000L\000\051}{chapter.2}% 25
\BOOKMARK [1][-]{section.2.11}{\376\377\000A\000t\000i\000v\000i\000d\000a\000d\000e\000\040\000P\000r\000\341\000t\000i\000c\000a\000:\000\040\000M\000o\000d\000e\000l\000a\000g\000e\000m\000\040\000d\000e\000\040\000D\000a\000d\000o\000s}{chapter.2}% 26
\BOOKMARK [2][-]{subsection.2.11.1}{\376\377\000E\000s\000t\000r\000u\000t\000u\000r\000a\000\040\000L\000\363\000g\000i\000c\000a\000\040\000d\000a\000\040\000T\000a\000b\000e\000l\000a\000\040\000p\000e\000s\000s\000o\000a}{section.2.11}% 27
\BOOKMARK [1][-]{section.2.12}{\376\377\000S\000c\000r\000i\000p\000t\000\040\000S\000Q\000L\000\040\000d\000e\000\040\000C\000r\000i\000a\000\347\000\343\000o}{chapter.2}% 28
\BOOKMARK [1][-]{section.2.13}{\376\377\000O\000p\000e\000r\000a\000\347\000\365\000e\000s\000\040\000B\000\341\000s\000i\000c\000a\000s\000\040\000\050\000D\000M\000L\000\051}{chapter.2}% 29
\BOOKMARK [2][-]{subsection.2.13.1}{\376\377\000I\000n\000s\000e\000r\000\347\000\343\000o\000\040\000d\000e\000\040\000D\000a\000d\000o\000s}{section.2.13}% 30
\BOOKMARK [2][-]{subsection.2.13.2}{\376\377\000C\000o\000n\000s\000u\000l\000t\000a}{section.2.13}% 31
\BOOKMARK [1][-]{section.2.14}{\376\377\000C\000o\000m\000a\000n\000d\000o\000\040\000S\000E\000L\000E\000C\000T\000:\000\040\000E\000s\000t\000r\000u\000t\000u\000r\000a\000\040\000e\000\040\000F\000u\000n\000c\000i\000o\000n\000a\000l\000i\000d\000a\000d\000e\000s}{chapter.2}% 32
\BOOKMARK [2][-]{subsection.2.14.1}{\376\377\000P\000r\000a\000t\000i\000c\000a\000n\000d\000o\000\040\000F\000i\000l\000t\000r\000o\000s\000\040\000e\000\040\000O\000r\000d\000e\000n\000a\000\347\000\343\000o\000:\000\040\000W\000H\000E\000R\000E\000\040\000e\000\040\000O\000R\000D\000E\000R\000\040\000B\000Y}{section.2.14}% 33
\BOOKMARK [2][-]{subsection.2.14.2}{\376\377\000A\000\040\000C\000l\000\341\000u\000s\000u\000l\000a\000\040\000W\000H\000E\000R\000E\000\040\000\050\000O\000n\000d\000e\000\051}{section.2.14}% 34
\BOOKMARK [2][-]{subsection.2.14.3}{\376\377\000A\000\040\000C\000l\000\341\000u\000s\000u\000l\000a\000\040\000O\000R\000D\000E\000R\000\040\000B\000Y\000\040\000\050\000O\000r\000d\000e\000n\000a\000r\000\040\000P\000o\000r\000\051}{section.2.14}% 35
\BOOKMARK [2][-]{subsection.2.14.4}{\376\377\000R\000e\000s\000t\000r\000i\000n\000g\000i\000n\000d\000o\000\040\000e\000\040\000A\000g\000r\000u\000p\000a\000n\000d\000o\000\040\000R\000e\000s\000u\000l\000t\000a\000d\000o\000s\000:\000\040\000L\000I\000M\000I\000T\000\040\000e\000\040\000H\000A\000V\000I\000N\000G}{section.2.14}% 36
\BOOKMARK [1][-]{section.2.15}{\376\377\000E\000s\000t\000u\000d\000o\000\040\000D\000i\000r\000i\000g\000i\000d\000o\000:\000\040\000A\000g\000r\000u\000p\000a\000m\000e\000n\000t\000o\000s\000\040\000e\000\040\000a\000\040\000C\000l\000\341\000u\000s\000u\000l\000a\000\040\000H\000A\000V\000I\000N\000G}{chapter.2}% 37
\BOOKMARK [2][-]{subsection.2.15.1}{\376\377\000P\000a\000s\000s\000o\000\040\0001\000:\000\040\000C\000r\000i\000a\000n\000d\000o\000\040\000o\000\040\000C\000e\000n\000\341\000r\000i\000o\000\040\000d\000e\000\040\000T\000e\000s\000t\000e}{section.2.15}% 38
\BOOKMARK [2][-]{subsection.2.15.2}{\376\377\000P\000a\000s\000s\000o\000\040\0002\000:\000\040\000P\000o\000p\000u\000l\000a\000n\000d\000o\000\040\000a\000\040\000T\000a\000b\000e\000l\000a}{section.2.15}% 39
\BOOKMARK [2][-]{subsection.2.15.3}{\376\377\000P\000a\000s\000s\000o\000\040\0003\000:\000\040\000A\000\040\000C\000o\000n\000s\000u\000l\000t\000a\000\040\000d\000e\000\040\000F\000a\000t\000u\000r\000a\000m\000e\000n\000t\000o}{section.2.15}% 40
\BOOKMARK [2][-]{subsection.2.15.4}{\376\377\000D\000i\000f\000e\000r\000e\000n\000\347\000a\000\040\000C\000r\000u\000c\000i\000a\000l\000:\000\040\000W\000H\000E\000R\000E\000\040\000v\000s\000\040\000H\000A\000V\000I\000N\000G}{section.2.15}% 41
\BOOKMARK [1][-]{section.2.16}{\376\377\000A\000n\000\341\000l\000i\000s\000e\000\040\000A\000v\000a\000n\000\347\000a\000d\000a\000:\000\040\000F\000u\000n\000\347\000\365\000e\000s\000\040\000d\000e\000\040\000A\000g\000r\000e\000g\000a\000\347\000\343\000o\000\040\000e\000\040\000C\000o\000m\000p\000o\000r\000t\000a\000m\000e\000n\000t\000o\000\040\000d\000o\000\040\000A\000g\000r\000u\000p\000a\000m\000e\000n\000t\000o}{chapter.2}% 42
\BOOKMARK [2][-]{subsection.2.16.1}{\376\377\000S\000c\000r\000i\000p\000t\000\040\000d\000e\000\040\000P\000r\000e\000p\000a\000r\000a\000\347\000\343\000o}{section.2.16}% 43
\BOOKMARK [2][-]{subsection.2.16.2}{\376\377\000D\000i\000s\000c\000u\000s\000s\000\343\000o\000:\000\040\000C\000O\000U\000N\000T\000\040\000v\000s\000\040\000S\000U\000M}{section.2.16}% 44
\BOOKMARK [2][-]{subsection.2.16.3}{\376\377\000O\000\040\000q\000u\000e\000\040\000a\000c\000o\000n\000t\000e\000c\000e\000\040\000s\000e\000\040\000a\000l\000t\000e\000r\000a\000r\000m\000o\000s\000\040\000p\000a\000r\000a\000\040\000S\000U\000M\000?}{section.2.16}% 45
\BOOKMARK [1][-]{section.2.17}{\376\377\000T\000i\000p\000o\000s\000\040\000d\000e\000\040\000D\000a\000d\000o\000s\000\040\000B\000\341\000s\000i\000c\000o\000s\000\040\000n\000o\000\040\000P\000o\000s\000t\000g\000r\000e\000S\000Q\000L}{chapter.2}% 46
\BOOKMARK [2][-]{subsection.2.17.1}{\376\377\000P\000r\000i\000n\000c\000i\000p\000a\000i\000s\000\040\000C\000a\000t\000e\000g\000o\000r\000i\000a\000s}{section.2.17}% 47
\BOOKMARK [2][-]{subsection.2.17.2}{\376\377\000D\000i\000f\000e\000r\000e\000n\000\347\000a\000s\000\040\000I\000m\000p\000o\000r\000t\000a\000n\000t\000e\000s\000\040\000p\000a\000r\000a\000\040\000o\000\040\000D\000e\000s\000e\000n\000v\000o\000l\000v\000e\000d\000o\000r}{section.2.17}% 48
\BOOKMARK [2][-]{subsection.2.17.3}{\376\377\000T\000i\000p\000o\000s\000\040\000N\000u\000m\000\351\000r\000i\000c\000o\000s\000\040\000c\000o\000m\000\040\000P\000r\000e\000c\000i\000s\000\343\000o}{section.2.17}% 49
\BOOKMARK [1][-]{section.2.18}{\376\377\000C\000r\000i\000a\000\347\000\343\000o\000\040\000d\000e\000\040\000T\000a\000b\000e\000l\000a\000s\000:\000\040\000O\000\040\000C\000o\000m\000a\000n\000d\000o\000\040\000C\000R\000E\000A\000T\000E\000\040\000T\000A\000B\000L\000E}{chapter.2}% 50
\BOOKMARK [2][-]{subsection.2.18.1}{\376\377\000S\000i\000n\000t\000a\000x\000e\000\040\000B\000\341\000s\000i\000c\000a}{section.2.18}% 51
\BOOKMARK [2][-]{subsection.2.18.2}{\376\377\000R\000e\000s\000t\000r\000i\000\347\000\365\000e\000s\000\040\000d\000e\000\040\000I\000n\000t\000e\000g\000r\000i\000d\000a\000d\000e\000\040\000\050\000C\000o\000n\000s\000t\000r\000a\000i\000n\000t\000s\000\051}{section.2.18}% 52
\BOOKMARK [2][-]{subsection.2.18.3}{\376\377\000E\000x\000e\000m\000p\000l\000o\000\040\000C\000o\000m\000e\000n\000t\000a\000d\000o}{section.2.18}% 53
\BOOKMARK [1][-]{section.2.19}{\376\377\000I\000n\000s\000e\000r\000\347\000\343\000o\000\040\000d\000e\000\040\000D\000a\000d\000o\000s\000:\000\040\000O\000\040\000C\000o\000m\000a\000n\000d\000o\000\040\000I\000N\000S\000E\000R\000T\000\040\000I\000N\000T\000O}{chapter.2}% 54
\BOOKMARK [2][-]{subsection.2.19.1}{\376\377\000S\000i\000n\000t\000a\000x\000e\000\040\000B\000\341\000s\000i\000c\000a}{section.2.19}% 55
\BOOKMARK [2][-]{subsection.2.19.2}{\376\377\000R\000e\000g\000r\000a\000s\000\040\000C\000r\000u\000c\000i\000a\000i\000s\000\040\000p\000a\000r\000a\000\040\000I\000n\000s\000e\000r\000\347\000\343\000o}{section.2.19}% 56
\BOOKMARK [2][-]{subsection.2.19.3}{\376\377\000P\000r\000\341\000t\000i\000c\000a\000:\000\040\000I\000n\000s\000e\000r\000i\000n\000d\000o\000\040\000D\000a\000d\000o\000s\000\040\000n\000a\000\040\000T\000a\000b\000e\000l\000a\000\040\000P\000e\000s\000s\000o\000a}{section.2.19}% 57
\BOOKMARK [0][-]{chapter.3}{\376\377\000N\000o\000r\000m\000a\000l\000i\000z\000a\000\347\000\343\000o}{}% 58
\BOOKMARK [1][-]{section.3.1}{\376\377\000A\000n\000o\000m\000a\000l\000i\000a\000s\000\040\000d\000e\000\040\000D\000a\000d\000o\000s}{chapter.3}% 59
\BOOKMARK [2][-]{subsection.3.1.1}{\376\377\000A\000n\000o\000m\000a\000l\000i\000a\000\040\000d\000e\000\040\000I\000n\000s\000e\000r\000\347\000\343\000o}{section.3.1}% 60
\BOOKMARK [2][-]{subsection.3.1.2}{\376\377\000A\000n\000o\000m\000a\000l\000i\000a\000\040\000d\000e\000\040\000A\000t\000u\000a\000l\000i\000z\000a\000\347\000\343\000o}{section.3.1}% 61
\BOOKMARK [2][-]{subsection.3.1.3}{\376\377\000A\000n\000o\000m\000a\000l\000i\000a\000\040\000d\000e\000\040\000E\000x\000c\000l\000u\000s\000\343\000o}{section.3.1}% 62
\BOOKMARK [1][-]{section.3.2}{\376\377\000D\000e\000p\000e\000n\000d\000\352\000n\000c\000i\000a\000s\000\040\000F\000u\000n\000c\000i\000o\000n\000a\000i\000s}{chapter.3}% 63
\BOOKMARK [2][-]{subsection.3.2.1}{\376\377\000D\000e\000p\000e\000n\000d\000\352\000n\000c\000i\000a\000\040\000F\000u\000n\000c\000i\000o\000n\000a\000l\000\040\000T\000r\000a\000n\000s\000i\000t\000i\000v\000a}{section.3.2}% 64
\BOOKMARK [2][-]{subsection.3.2.2}{\376\377\000D\000e\000p\000e\000n\000d\000\352\000n\000c\000i\000a\000\040\000F\000u\000n\000c\000i\000o\000n\000a\000l\000\040\000T\000o\000t\000a\000l\000\040\000e\000\040\000D\000e\000p\000e\000n\000d\000\352\000n\000c\000i\000a\000\040\000F\000u\000n\000c\000i\000o\000n\000a\000l\000\040\000P\000a\000r\000c\000i\000a\000l}{section.3.2}% 65
\BOOKMARK [2][-]{subsection.3.2.3}{\376\377\000D\000e\000p\000e\000n\000d\000\352\000n\000c\000i\000a\000\040\000F\000u\000n\000c\000i\000o\000n\000a\000l\000\040\000T\000r\000i\000v\000i\000a\000l\000\040\000e\000\040\000N\000\343\000o\000\040\000T\000r\000i\000v\000i\000a\000l}{section.3.2}% 66
\BOOKMARK [1][-]{section.3.3}{\376\377\000O\000\040\000P\000r\000o\000c\000e\000s\000s\000o\000\040\000d\000e\000\040\000N\000o\000r\000m\000a\000l\000i\000z\000a\000\347\000\343\000o\000\040\000e\000\040\000a\000s\000\040\000F\000o\000r\000m\000a\000s\000\040\000N\000o\000r\000m\000a\000i\000s\000\040\000m\000a\000i\000s\000\040\000u\000t\000i\000l\000i\000z\000a\000d\000a\000s}{chapter.3}% 67
\BOOKMARK [2][-]{subsection.3.3.1}{\376\377\000F\000o\000r\000m\000a\000\040\000N\000\343\000o\000\040\000N\000o\000r\000m\000a\000l\000i\000z\000a\000d\000a\000\040\000\050\000F\000N\000N\000\040\000o\000u\000\040\0000\000F\000N\000\051}{section.3.3}% 68
\BOOKMARK [2][-]{subsection.3.3.2}{\376\377\000P\000r\000i\000m\000e\000i\000r\000a\000\040\000F\000o\000r\000m\000a\000\040\000N\000o\000r\000m\000a\000l\000\040\000\050\0001\000F\000N\000\051}{section.3.3}% 69
\BOOKMARK [2][-]{subsection.3.3.3}{\376\377\000S\000e\000g\000u\000n\000d\000a\000\040\000F\000o\000r\000m\000a\000\040\000N\000o\000r\000m\000a\000l\000\040\000\050\0002\000F\000N\000\051}{section.3.3}% 70
\BOOKMARK [2][-]{subsection.3.3.4}{\376\377\000T\000e\000r\000c\000e\000i\000r\000a\000\040\000F\000o\000r\000m\000a\000\040\000N\000o\000r\000m\000a\000l\000\040\000\050\0003\000F\000N\000\051}{section.3.3}% 71
\BOOKMARK [1][-]{section.3.4}{\376\377\000F\000o\000r\000m\000a\000s\000\040\000N\000o\000r\000m\000a\000i\000s\000\040\000A\000v\000a\000n\000\347\000a\000d\000a\000s}{chapter.3}% 72
\BOOKMARK [2][-]{subsection.3.4.1}{\376\377\000F\000o\000r\000m\000a\000\040\000N\000o\000r\000m\000a\000l\000\040\000d\000e\000\040\000B\000o\000y\000c\000e\000-\000C\000o\000d\000d\000\040\000\050\000B\000C\000N\000F\000\051}{section.3.4}% 73
\BOOKMARK [2][-]{subsection.3.4.2}{\376\377\000Q\000u\000a\000r\000t\000a\000\040\000F\000o\000r\000m\000a\000\040\000N\000o\000r\000m\000a\000l\000\040\000\050\0004\000F\000N\000\051}{section.3.4}% 74
\BOOKMARK [2][-]{subsection.3.4.3}{\376\377\000Q\000u\000i\000n\000t\000a\000\040\000F\000o\000r\000m\000a\000\040\000N\000o\000r\000m\000a\000l\000\040\000\050\0005\000F\000N\000\040\000o\000u\000\040\000P\000J\000N\000F\000\051}{section.3.4}% 75
\BOOKMARK [1][-]{section.3.5}{\376\377\000R\000e\000s\000u\000m\000o\000\040\000P\000r\000\341\000t\000i\000c\000o\000\040\000d\000e\000\040\000N\000o\000r\000m\000a\000l\000i\000z\000a\000\347\000\343\000o}{chapter.3}% 76
\BOOKMARK [1][-]{section.3.6}{\376\377\000E\000x\000e\000r\000c\000\355\000c\000i\000o\000s\000\040\000P\000r\000o\000p\000o\000s\000t\000o\000s}{chapter.3}% 77
